Determining if the pthread_create exist failed with the following output:
Change Dir: /home/ary_amann/Desktop/formulaManipal/ROS/build/CMakeFiles/CMakeTmp

Run Build Command:"/usr/bin/make" "cmTC_20f10/fast"
/usr/bin/make -f CMakeFiles/cmTC_20f10.dir/build.make CMakeFiles/cmTC_20f10.dir/build
make[1]: Entering directory '/home/ary_amann/Desktop/formulaManipal/ROS/build/CMakeFiles/CMakeTmp'
Building C object CMakeFiles/cmTC_20f10.dir/CheckSymbolExists.c.o
/usr/bin/cc    -o CMakeFiles/cmTC_20f10.dir/CheckSymbolExists.c.o   -c /home/ary_amann/Desktop/formulaManipal/ROS/build/CMakeFiles/CMakeTmp/CheckSymbolExists.c
Linking C executable cmTC_20f10
/usr/bin/cmake -E cmake_link_script CMakeFiles/cmTC_20f10.dir/link.txt --verbose=1
/usr/bin/cc      -rdynamic CMakeFiles/cmTC_20f10.dir/CheckSymbolExists.c.o  -o cmTC_20f10 
CMakeFiles/cmTC_20f10.dir/CheckSymbolExists.c.o: In function `main':
CheckSymbolExists.c:(.text+0x1b): undefined reference to `pthread_create'
collect2: error: ld returned 1 exit status
CMakeFiles/cmTC_20f10.dir/build.make:97: recipe for target 'cmTC_20f10' failed
make[1]: *** [cmTC_20f10] Error 1
make[1]: Leaving directory '/home/ary_amann/Desktop/formulaManipal/ROS/build/CMakeFiles/CMakeTmp'
Makefile:126: recipe for target 'cmTC_20f10/fast' failed
make: *** [cmTC_20f10/fast] Error 2

File /home/ary_amann/Desktop/formulaManipal/ROS/build/CMakeFiles/CMakeTmp/CheckSymbolExists.c:
/* */
#include <pthread.h>

int main(int argc, char** argv)
{
  (void)argv;
#ifndef pthread_create
  return ((int*)(&pthread_create))[argc];
#else
  (void)argc;
  return 0;
#endif
}

Determining if the function pthread_create exists in the pthreads failed with the following output:
Change Dir: /home/ary_amann/Desktop/formulaManipal/ROS/build/CMakeFiles/CMakeTmp

Run Build Command:"/usr/bin/make" "cmTC_e4e07/fast"
/usr/bin/make -f CMakeFiles/cmTC_e4e07.dir/build.make CMakeFiles/cmTC_e4e07.dir/build
make[1]: Entering directory '/home/ary_amann/Desktop/formulaManipal/ROS/build/CMakeFiles/CMakeTmp'
Building C object CMakeFiles/cmTC_e4e07.dir/CheckFunctionExists.c.o
/usr/bin/cc   -DCHECK_FUNCTION_EXISTS=pthread_create   -o CMakeFiles/cmTC_e4e07.dir/CheckFunctionExists.c.o   -c /usr/share/cmake-3.10/Modules/CheckFunctionExists.c
Linking C executable cmTC_e4e07
/usr/bin/cmake -E cmake_link_script CMakeFiles/cmTC_e4e07.dir/link.txt --verbose=1
/usr/bin/cc  -DCHECK_FUNCTION_EXISTS=pthread_create    -rdynamic CMakeFiles/cmTC_e4e07.dir/CheckFunctionExists.c.o  -o cmTC_e4e07 -lpthreads 
/usr/bin/ld: cannot find -lpthreads
collect2: error: ld returned 1 exit status
CMakeFiles/cmTC_e4e07.dir/build.make:97: recipe for target 'cmTC_e4e07' failed
make[1]: *** [cmTC_e4e07] Error 1
make[1]: Leaving directory '/home/ary_amann/Desktop/formulaManipal/ROS/build/CMakeFiles/CMakeTmp'
Makefile:126: recipe for target 'cmTC_e4e07/fast' failed
make: *** [cmTC_e4e07/fast] Error 2


